Build started 10/05/2015 4:47:07 PM.
     1>Project "C:\Users\simon\Desktop\FIT2071_Foundations_in_C++\Assignments\Assignment3\Pacman\Pacman\Pacman.vcxproj" on node 2 (Build target(s)).
     1>InitializeBuildStatus:
         Creating "Debug\Pacman.tlog\unsuccessfulbuild" because "AlwaysCreate" was specified.
       ClCompile:
         C:\Program Files (x86)\Microsoft Visual Studio 12.0\VC\bin\CL.exe /c /ZI /nologo /W3 /WX- /sdl /Od /Oy- /D _MBCS /Gm /EHsc /RTC1 /MDd /GS /fp:precise /Zc:wchar_t /Zc:forScope /Fo"Debug\\" /Fd"Debug\vc120.pdb" /Gd /TP /analyze- /errorReport:prompt game.cpp
         game.cpp
     1>c:\users\simon\desktop\fit2071_foundations_in_c++\assignments\assignment3\pacman\pacman\game.cpp(1043): warning C4715: 'Game::getGame' : not all control paths return a value
       Link:
         C:\Program Files (x86)\Microsoft Visual Studio 12.0\VC\bin\link.exe /ERRORREPORT:PROMPT /OUT:"C:\Users\simon\Desktop\FIT2071_Foundations_in_C++\Assignments\Assignment3\Pacman\Debug\Pacman.exe" /INCREMENTAL /NOLOGO kernel32.lib user32.lib gdi32.lib winspool.lib comdlg32.lib advapi32.lib shell32.lib ole32.lib oleaut32.lib uuid.lib odbc32.lib odbccp32.lib /MANIFEST /MANIFESTUAC:"level='asInvoker' uiAccess='false'" /manifest:embed /DEBUG /PDB:"C:\Users\simon\Desktop\FIT2071_Foundations_in_C++\Assignments\Assignment3\Pacman\Debug\Pacman.pdb" /TLBID:1 /DYNAMICBASE /NXCOMPAT /IMPLIB:"C:\Users\simon\Desktop\FIT2071_Foundations_in_C++\Assignments\Assignment3\Pacman\Debug\Pacman.lib" /MACHINE:X86 Debug\blank.obj
         Debug\board.obj
         Debug\game.obj
         Debug\ghost.obj
         Debug\io.obj
         Debug\largepill.obj
         Debug\main.obj
         Debug\pacman.obj
         Debug\smallpill.obj
         Pacman.vcxproj -> C:\Users\simon\Desktop\FIT2071_Foundations_in_C++\Assignments\Assignment3\Pacman\Debug\Pacman.exe
       FinalizeBuildStatus:
         Deleting file "Debug\Pacman.tlog\unsuccessfulbuild".
         Touching "Debug\Pacman.tlog\Pacman.lastbuildstate".
     1>Done Building Project "C:\Users\simon\Desktop\FIT2071_Foundations_in_C++\Assignments\Assignment3\Pacman\Pacman\Pacman.vcxproj" (Build target(s)).

Build succeeded.

Time Elapsed 00:00:01.14
