c:\users\simon\desktop\fit2071_foundations_in_c++\assignments\assignment3\pacman\pacman\debug\vc120.pdb
c:\users\simon\desktop\fit2071_foundations_in_c++\assignments\assignment3\pacman\pacman\debug\vc120.idb
c:\users\simon\desktop\fit2071_foundations_in_c++\assignments\assignment3\pacman\pacman\debug\blank.obj
c:\users\simon\desktop\fit2071_foundations_in_c++\assignments\assignment3\pacman\pacman\debug\board.obj
c:\users\simon\desktop\fit2071_foundations_in_c++\assignments\assignment3\pacman\pacman\debug\game.obj
c:\users\simon\desktop\fit2071_foundations_in_c++\assignments\assignment3\pacman\pacman\debug\ghost.obj
c:\users\simon\desktop\fit2071_foundations_in_c++\assignments\assignment3\pacman\pacman\debug\largepill.obj
c:\users\simon\desktop\fit2071_foundations_in_c++\assignments\assignment3\pacman\pacman\debug\main.obj
c:\users\simon\desktop\fit2071_foundations_in_c++\assignments\assignment3\pacman\pacman\debug\pacman.obj
c:\users\simon\desktop\fit2071_foundations_in_c++\assignments\assignment3\pacman\pacman\debug\smallpill.obj
c:\users\simon\desktop\fit2071_foundations_in_c++\assignments\assignment3\pacman\pacman\debug\io.obj
c:\users\simon\desktop\fit2071_foundations_in_c++\assignments\assignment3\pacman\debug\pacman.ilk
c:\users\simon\desktop\fit2071_foundations_in_c++\assignments\assignment3\pacman\debug\pacman.exe
c:\users\simon\desktop\fit2071_foundations_in_c++\assignments\assignment3\pacman\debug\pacman.pdb
c:\users\simon\desktop\fit2071_foundations_in_c++\assignments\assignment3\pacman\pacman\debug\pacman.tlog\cl.command.1.tlog
c:\users\simon\desktop\fit2071_foundations_in_c++\assignments\assignment3\pacman\pacman\debug\pacman.tlog\cl.read.1.tlog
c:\users\simon\desktop\fit2071_foundations_in_c++\assignments\assignment3\pacman\pacman\debug\pacman.tlog\cl.write.1.tlog
c:\users\simon\desktop\fit2071_foundations_in_c++\assignments\assignment3\pacman\pacman\debug\pacman.tlog\link.command.1.tlog
c:\users\simon\desktop\fit2071_foundations_in_c++\assignments\assignment3\pacman\pacman\debug\pacman.tlog\link.read.1.tlog
c:\users\simon\desktop\fit2071_foundations_in_c++\assignments\assignment3\pacman\pacman\debug\pacman.tlog\link.write.1.tlog
